<?xml version="1.0" encoding="UTF-8"?>
<testng-results skipped="0" failed="0" ignored="0" total="1" passed="1">
  <reporter-output>
  </reporter-output>
  <suite name="Default suite" duration-ms="3398" started-at="2022-04-26T09:24:25 IST" finished-at="2022-04-26T09:24:28 IST">
    <groups>
    </groups>
    <test name="Default test" duration-ms="3398" started-at="2022-04-26T09:24:25 IST" finished-at="2022-04-26T09:24:28 IST">
      <class name="Restassured.putpatchndelete">
        <test-method status="PASS" signature="deletemethod()[pri:0, instance:Restassured.putpatchndelete@4921a5]" name="deletemethod" duration-ms="3335" started-at="2022-04-26T09:24:25 IST" finished-at="2022-04-26T09:24:28 IST">
          <reporter-output>
          </reporter-output>
        </test-method> <!-- deletemethod -->
      </class> <!-- Restassured.putpatchndelete -->
    </test> <!-- Default test -->
  </suite> <!-- Default suite -->
</testng-results>
