<?xml version="1.0" encoding="UTF-8"?>
<!-- Generated by org.testng.reporters.JUnitXMLReporter -->
<testsuite hostname="Admin_SRV-PC" ignored="0" name="Testff" tests="12" failures="0" timestamp="2022-04-20T10:17:01 IST" time="117.674" errors="0">
  <testcase name="finaldata" time="13.562" classname="Tests.Dataproviderlogin"/>
  <testcase name="finaldata" time="5.864" classname="Tests.Dataproviderlogin"/>
  <testcase name="finaldata" time="5.921" classname="Tests.Dataproviderlogin"/>
  <testcase name="finaldata" time="6.256" classname="Tests.Dataproviderlogin"/>
  <testcase name="finaldata" time="5.852" classname="Tests.Dataproviderlogin"/>
  <testcase name="finaldata" time="6.048" classname="Tests.Dataproviderlogin"/>
  <testcase name="finaldata" time="5.817" classname="Tests.Dataproviderlogin"/>
  <testcase name="finaldata" time="6.407" classname="Tests.Dataproviderlogin"/>
  <testcase name="finaldata" time="6.892" classname="Tests.Dataproviderlogin"/>
  <testcase name="finaldata" time="5.852" classname="Tests.Dataproviderlogin"/>
  <testcase name="finaldata" time="5.843" classname="Tests.Dataproviderlogin"/>
  <testcase name="finaldata" time="5.87" classname="Tests.Dataproviderlogin"/>
</testsuite> <!-- Testff -->
