<?xml version="1.0" encoding="UTF-8"?>
<!-- Generated by org.testng.reporters.JUnitXMLReporter -->
<testsuite hostname="Admin_SRV-PC" ignored="0" name="Testch" tests="12" failures="0" timestamp="2022-04-20T10:16:48 IST" time="104.373" errors="0">
  <testcase name="finaldata" time="8.291" classname="Tests.Dataproviderlogin"/>
  <testcase name="finaldata" time="8.045" classname="Tests.Dataproviderlogin"/>
  <testcase name="finaldata" time="6.594" classname="Tests.Dataproviderlogin"/>
  <testcase name="finaldata" time="5.857" classname="Tests.Dataproviderlogin"/>
  <testcase name="finaldata" time="6.546" classname="Tests.Dataproviderlogin"/>
  <testcase name="finaldata" time="7.166" classname="Tests.Dataproviderlogin"/>
  <testcase name="finaldata" time="6.565" classname="Tests.Dataproviderlogin"/>
  <testcase name="finaldata" time="5.925" classname="Tests.Dataproviderlogin"/>
  <testcase name="finaldata" time="5.84" classname="Tests.Dataproviderlogin"/>
  <testcase name="finaldata" time="6.759" classname="Tests.Dataproviderlogin"/>
  <testcase name="finaldata" time="6.154" classname="Tests.Dataproviderlogin"/>
  <testcase name="finaldata" time="6.124" classname="Tests.Dataproviderlogin"/>
</testsuite> <!-- Testch -->
