<?xml version="1.0" encoding="UTF-8"?>
<!-- Generated by org.testng.reporters.JUnitXMLReporter -->
<testsuite hostname="Admin_SRV-PC" ignored="0" name="Test" tests="12" failures="0" timestamp="2022-04-20T09:59:06 IST" time="91.174" errors="0">
  <testcase name="finaldata" time="7.158" classname="Tests.Dataproviderlogin"/>
  <testcase name="finaldata" time="6.121" classname="Tests.Dataproviderlogin"/>
  <testcase name="finaldata" time="6.042" classname="Tests.Dataproviderlogin"/>
  <testcase name="finaldata" time="6.54" classname="Tests.Dataproviderlogin"/>
  <testcase name="finaldata" time="5.772" classname="Tests.Dataproviderlogin"/>
  <testcase name="finaldata" time="6.788" classname="Tests.Dataproviderlogin"/>
  <testcase name="finaldata" time="6.57" classname="Tests.Dataproviderlogin"/>
  <testcase name="finaldata" time="6.076" classname="Tests.Dataproviderlogin"/>
  <testcase name="finaldata" time="6.064" classname="Tests.Dataproviderlogin"/>
  <testcase name="finaldata" time="6.063" classname="Tests.Dataproviderlogin"/>
  <testcase name="finaldata" time="6.554" classname="Tests.Dataproviderlogin"/>
  <testcase name="finaldata" time="6.01" classname="Tests.Dataproviderlogin"/>
</testsuite> <!-- Test -->
